Restore Archived Project report for nios2_quartus2_project
Wed Nov 28 13:55:31 2012
Quartus II 32-bit Version 12.1 Build 177 11/07/2012 SJ Web Edition


---------------------
; Table of Contents ;
---------------------
  1. Legal Notice
  2. Restore Archived Project Summary
  3. Restore Archived Project Messages
  4. Files Restored
  5. Files Not Restored



----------------
; Legal Notice ;
----------------
Copyright (C) 1991-2012 Altera Corporation
Your use of Altera Corporation's design tools, logic functions 
and other software and tools, and its AMPP partner logic 
functions, and any output files from any of the foregoing 
(including device programming or simulation files), and any 
associated documentation or information are expressly subject 
to the terms and conditions of the Altera Program License 
Subscription Agreement, Altera MegaCore Function License 
Agreement, or other applicable license agreement, including, 
without limitation, that your use is for the sole purpose of 
programming logic devices manufactured by Altera and sold by 
Altera or its authorized distributors.  Please refer to the 
applicable agreement for further details.



+-------------------------------------------------------------------------+
; Restore Archived Project Summary                                        ;
+---------------------------------+---------------------------------------+
; Restore Archived Project Status ; Successful - Wed Nov 28 13:55:31 2012 ;
; Revision Name                   ; nios2_quartus2_project                ;
; Top-level Entity Name           ; nios2_quartus2_project                ;
; Family                          ; Cyclone III                           ;
+---------------------------------+---------------------------------------+


+-----------------------------------+
; Restore Archived Project Messages ;
+-----------------------------------+
Info: Successfully restored 'C:/Users/Will/Dev/quartus/archive.qar' into the 'C:/Users/Will/Dev/quartus/archive_restored/' directory
Info: Generated report 'nios2_quartus2_project.restore.rpt'
Info (23030): Evaluation of Tcl script c:/altera/12.1/quartus/common/tcl/apps/qpm/qar.tcl was successful
Info: Quartus II 32-bit Shell was successful. 0 errors, 0 warnings
    Info: Peak virtual memory: 236 megabytes
    Info: Processing ended: Wed Nov 28 13:55:31 2012
    Info: Elapsed time: 00:00:01
    Info: Total CPU time (on all processors): 00:00:01


+--------------------------------------------------------------------------------------------+
; Files Restored                                                                             ;
+--------------------------------------------------------------------------------------------+
; File Name                                                                                  ;
+--------------------------------------------------------------------------------------------+
; first_nios2_system.cmp                                                                     ;
; first_nios2_system.qsys                                                                    ;
; first_nios2_system.sopcinfo                                                                ;
; first_nios2_system/synthesis/first_nios2_system.qip                                        ;
; first_nios2_system/synthesis/first_nios2_system.v                                          ;
; first_nios2_system/synthesis/submodules/altera_avalon_sc_fifo.v                            ;
; first_nios2_system/synthesis/submodules/altera_avalon_st_pipeline_base.v                   ;
; first_nios2_system/synthesis/submodules/altera_merlin_address_alignment.sv                 ;
; first_nios2_system/synthesis/submodules/altera_merlin_arbitrator.sv                        ;
; first_nios2_system/synthesis/submodules/altera_merlin_burst_adapter.sv                     ;
; first_nios2_system/synthesis/submodules/altera_merlin_burst_uncompressor.sv                ;
; first_nios2_system/synthesis/submodules/altera_merlin_master_agent.sv                      ;
; first_nios2_system/synthesis/submodules/altera_merlin_master_translator.sv                 ;
; first_nios2_system/synthesis/submodules/altera_merlin_slave_agent.sv                       ;
; first_nios2_system/synthesis/submodules/altera_merlin_slave_translator.sv                  ;
; first_nios2_system/synthesis/submodules/altera_merlin_traffic_limiter.sv                   ;
; first_nios2_system/synthesis/submodules/altera_merlin_width_adapter.sv                     ;
; first_nios2_system/synthesis/submodules/altera_reset_controller.sdc                        ;
; first_nios2_system/synthesis/submodules/altera_reset_controller.v                          ;
; first_nios2_system/synthesis/submodules/altera_reset_synchronizer.v                        ;
; first_nios2_system/synthesis/submodules/first_nios2_system_addr_router.sv                  ;
; first_nios2_system/synthesis/submodules/first_nios2_system_addr_router_001.sv              ;
; first_nios2_system/synthesis/submodules/first_nios2_system_cmd_xbar_demux.sv               ;
; first_nios2_system/synthesis/submodules/first_nios2_system_cmd_xbar_demux_001.sv           ;
; first_nios2_system/synthesis/submodules/first_nios2_system_cmd_xbar_mux.sv                 ;
; first_nios2_system/synthesis/submodules/first_nios2_system_cpu.ocp                         ;
; first_nios2_system/synthesis/submodules/first_nios2_system_cpu.sdc                         ;
; first_nios2_system/synthesis/submodules/first_nios2_system_cpu.v                           ;
; first_nios2_system/synthesis/submodules/first_nios2_system_cpu_ic_tag_ram.mif              ;
; first_nios2_system/synthesis/submodules/first_nios2_system_cpu_jtag_debug_module_sysclk.v  ;
; first_nios2_system/synthesis/submodules/first_nios2_system_cpu_jtag_debug_module_tck.v     ;
; first_nios2_system/synthesis/submodules/first_nios2_system_cpu_jtag_debug_module_wrapper.v ;
; first_nios2_system/synthesis/submodules/first_nios2_system_cpu_oci_test_bench.v            ;
; first_nios2_system/synthesis/submodules/first_nios2_system_cpu_ociram_default_contents.mif ;
; first_nios2_system/synthesis/submodules/first_nios2_system_cpu_rf_ram_a.mif                ;
; first_nios2_system/synthesis/submodules/first_nios2_system_cpu_rf_ram_b.mif                ;
; first_nios2_system/synthesis/submodules/first_nios2_system_cpu_test_bench.v                ;
; first_nios2_system/synthesis/submodules/first_nios2_system_id_router.sv                    ;
; first_nios2_system/synthesis/submodules/first_nios2_system_id_router_001.sv                ;
; first_nios2_system/synthesis/submodules/first_nios2_system_id_router_002.sv                ;
; first_nios2_system/synthesis/submodules/first_nios2_system_irq_mapper.sv                   ;
; first_nios2_system/synthesis/submodules/first_nios2_system_jtag_uart.v                     ;
; first_nios2_system/synthesis/submodules/first_nios2_system_jtag_uart_input_mutex.dat       ;
; first_nios2_system/synthesis/submodules/first_nios2_system_jtag_uart_input_stream.dat      ;
; first_nios2_system/synthesis/submodules/first_nios2_system_jtag_uart_output_stream.dat     ;
; first_nios2_system/synthesis/submodules/first_nios2_system_lcd_display.v                   ;
; first_nios2_system/synthesis/submodules/first_nios2_system_leds.v                          ;
; first_nios2_system/synthesis/submodules/first_nios2_system_rsp_xbar_demux.sv               ;
; first_nios2_system/synthesis/submodules/first_nios2_system_rsp_xbar_demux_002.sv           ;
; first_nios2_system/synthesis/submodules/first_nios2_system_rsp_xbar_mux.sv                 ;
; first_nios2_system/synthesis/submodules/first_nios2_system_rsp_xbar_mux_001.sv             ;
; first_nios2_system/synthesis/submodules/first_nios2_system_sdram.v                         ;
; first_nios2_system/synthesis/submodules/first_nios2_system_sys_clk_timer.v                 ;
; first_nios2_system/synthesis/submodules/first_nios2_system_sysid.v                         ;
; first_nios2_system/synthesis/submodules/first_nios2_system_up_clocks_0.v                   ;
; first_nios2_system/synthesis/submodules/pwm.vhd                                            ;
; first_nios2_system/synthesis/submodules/pwm_component.vhd                                  ;
; hw_dev_tutorial.sdc                                                                        ;
; incremental_db/compiled_partitions/nios2_quartus2_project.db_info                          ;
; nios2_quartus2_project.bdf                                                                 ;
; nios2_quartus2_project.cdf                                                                 ;
; nios2_quartus2_project.qpf                                                                 ;
; nios2_quartus2_project.qsf                                                                 ;
; nios2_quartus2_project_assignment_defaults.qdf                                             ;
; stp1.stp                                                                                   ;
+--------------------------------------------------------------------------------------------+


+--------------------+
; Files Not Restored ;
+--------------------+
; File Name          ;
+--------------------+


